<?xml version="1.0" encoding="UTF-8"?>
<!-- Generated by org.testng.reporters.JUnitXMLReporter -->
<testsuite hostname="claudiupc" ignored="0" name="ChromeExportTests" tests="5" failures="1" timestamp="11 Feb 2020 12:42:57 GMT" time="193.865" errors="0">
  <testcase name="practitionerOrderReport_Export" time="22.921" classname="tests.ChromeExports"/>
  <testcase name="adminOrderReport_Export" time="21.379" classname="tests.ChromeExports"/>
  <testcase name="lotNumber_RecallReport" time="33.001" classname="tests.ChromeExports"/>
  <testcase name="expired_LotNumber" time="28.661" classname="tests.ChromeExports"/>
  <testcase name="thresholdReport" time="37.358" classname="tests.ChromeExports">
    <failure type="java.lang.NullPointerException">
      <![CDATA[java.lang.NullPointerException
at pages.InventoryPages$ThresholdReport.generateExportList(InventoryPages.java:340)
at tests.ChromeExports.thresholdReport(ChromeExports.java:60)
... Removed 25 stack frames]]>
    </failure>
  </testcase> <!-- thresholdReport -->
</testsuite> <!-- ChromeExportTests -->
