<?xml version="1.0" encoding="UTF-8"?>
<!-- Generated by org.testng.reporters.JUnitXMLReporter -->
<testsuite hostname="claudiupc" ignored="3" name="ChromeOrderTests" tests="1" failures="0" timestamp="18 Feb 2020 15:55:43 GMT" time="13.348" errors="0">
  <testcase name="orderHour" time="1.419" classname="tests.Orders"/>
  <testcase name="shipOrder" time="0.0" classname="tests.Orders">
    <ignored/>
  </testcase> <!-- shipOrder -->
  <testcase name="placeOrder" time="0.0" classname="tests.Orders">
    <ignored/>
  </testcase> <!-- placeOrder -->
  <testcase name="assert_LateOrder" time="0.0" classname="tests.Orders">
    <ignored/>
  </testcase> <!-- assert_LateOrder -->
</testsuite> <!-- ChromeOrderTests -->
