<?xml version="1.0" encoding="UTF-8"?>
<!-- Generated by org.testng.reporters.JUnitXMLReporter -->
<testsuite hostname="claudiupc" ignored="1" name="Helioscript-SmokeTests(CHROME)" tests="12" failures="1" timestamp="11 Feb 2020 12:28:13 GMT" time="371.545" errors="0">
  <testcase name="add_new_coupon" time="20.985" classname="tests.SmokeTests"/>
  <testcase name="adjustAdd_inventory" time="18.279" classname="tests.SmokeTests"/>
  <testcase name="adjustRemove_inventory" time="17.595" classname="tests.SmokeTests"/>
  <testcase name="invalidCredentials" time="14.899" classname="tests.SmokeTests"/>
  <testcase name="receive_inventory" time="19.127" classname="tests.SmokeTests"/>
  <testcase name="shipping_method" time="26.975" classname="tests.SmokeTests"/>
  <testcase name="setCommission" time="18.457" classname="tests.SmokeTests"/>
  <testcase name="medium_Management" time="25.215" classname="tests.SmokeTests"/>
  <testcase name="addNewPatient" time="29.688" classname="tests.SmokeTests"/>
  <testcase name="send_AdminInvitation" time="20.546" classname="tests.SmokeTests"/>
  <testcase name="send_CompounderInvitation" time="21.543" classname="tests.SmokeTests"/>
  <testcase name="send_CSRInvitation" time="18.326" classname="tests.SmokeTests">
    <failure type="java.lang.AssertionError" message="expected [Invite has been sent.] but found []">
      <![CDATA[java.lang.AssertionError: expected [Invite has been sent.] but found []
at pages.AdminSettings$UserList.assert_sentInvitation(AdminSettings.java:201)
at tests.SmokeTests.send_CSRInvitation(SmokeTests.java:168)
... Removed 31 stack frames]]>
    </failure>
  </testcase> <!-- send_CSRInvitation -->
  <testcase name="orderHour" time="0.0" classname="tests.SmokeTests">
    <ignored/>
  </testcase> <!-- orderHour -->
</testsuite> <!-- Helioscript-SmokeTests(CHROME) -->
