<?xml version="1.0" encoding="UTF-8"?>
<!-- Generated by org.testng.reporters.JUnitXMLReporter -->
<testsuite hostname="claudiupc" ignored="1" name="Helioscript-SmokeTests(FIREFOX)" tests="12" failures="9" timestamp="13 Feb 2020 13:37:15 GMT" time="412.193" errors="0">
  <testcase name="add_new_coupon" time="6.42" classname="tests.SmokeTests"/>
  <testcase name="adjustAdd_inventory" time="26.441" classname="tests.SmokeTests">
    <failure type="java.lang.NullPointerException">
      <![CDATA[java.lang.NullPointerException
at pages.InventoryPages$ProductCatalog.selectItem(InventoryPages.java:187)
at tests.SmokeTests.adjustAdd_inventory(SmokeTests.java:38)
... Removed 25 stack frames]]>
    </failure>
  </testcase> <!-- adjustAdd_inventory -->
  <testcase name="adjustRemove_inventory" time="27.534" classname="tests.SmokeTests">
    <failure type="java.lang.NullPointerException">
      <![CDATA[java.lang.NullPointerException
at pages.InventoryPages$ProductCatalog.selectItem(InventoryPages.java:187)
at tests.SmokeTests.adjustRemove_inventory(SmokeTests.java:50)
... Removed 25 stack frames]]>
    </failure>
  </testcase> <!-- adjustRemove_inventory -->
  <testcase name="invalidCredentials" time="2.542" classname="tests.SmokeTests"/>
  <testcase name="receive_inventory" time="25.981" classname="tests.SmokeTests">
    <failure type="java.lang.NullPointerException">
      <![CDATA[java.lang.NullPointerException
at pages.InventoryPages$ProductCatalog.startReceive(InventoryPages.java:183)
at tests.SmokeTests.receive_inventory(SmokeTests.java:61)
... Removed 25 stack frames]]>
    </failure>
  </testcase> <!-- receive_inventory -->
  <testcase name="shipping_method" time="3.26" classname="tests.SmokeTests">
    <failure type="org.openqa.selenium.ElementNotInteractableException" message="Element &amp;lt;span class=&amp;quot;site-menu-title&amp;quot;&amp;gt; could not be scrolled into view
Build info: version: &amp;apos;3.141.59&amp;apos;, revision: &amp;apos;e82be7d358&amp;apos;, time: &amp;apos;2018-11-14T08:17:03&amp;apos;
System info: host: &amp;apos;CLAUDIUPC&amp;apos;, ip: &amp;apos;192.168.2.100&amp;apos;, os.name: &amp;apos;Windows 10&amp;apos;, os.arch: &amp;apos;amd64&amp;apos;, os.version: &amp;apos;10.0&amp;apos;, java.version: &amp;apos;1.8.0_221&amp;apos;
Driver info: org.openqa.selenium.firefox.FirefoxDriver
Capabilities {acceptInsecureCerts: true, browserName: firefox, browserVersion: 69.0, javascriptEnabled: true, moz:accessibilityChecks: false, moz:buildID: 20190805120428, moz:geckodriverVersion: 0.26.0, moz:headless: true, moz:processID: 2428, moz:profile: C:\Users\claudiu.maxim\AppD..., moz:shutdownTimeout: 60000, moz:useNonSpecCompliantPointerOrigin: false, moz:webdriverClick: true, pageLoadStrategy: normal, platform: WINDOWS, platformName: WINDOWS, platformVersion: 10.0, rotatable: false, setWindowRect: true, strictFileInteractability: false, timeouts: {implicit: 0, pageLoad: 300000, script: 30000}, unhandledPromptBehavior: dismiss and notify}
Session ID: 2c712b49-8747-4272-a20d-da765fbc0a55">
      <![CDATA[org.openqa.selenium.ElementNotInteractableException: Element <span class="site-menu-title"> could not be scrolled into view
Build info: version: '3.141.59', revision: 'e82be7d358', time: '2018-11-14T08:17:03'
System info: host: 'CLAUDIUPC', ip: '192.168.2.100', os.name: 'Windows 10', os.arch: 'amd64', os.version: '10.0', java.version: '1.8.0_221'
Driver info: org.openqa.selenium.firefox.FirefoxDriver
Capabilities {acceptInsecureCerts: true, browserName: firefox, browserVersion: 69.0, javascriptEnabled: true, moz:accessibilityChecks: false, moz:buildID: 20190805120428, moz:geckodriverVersion: 0.26.0, moz:headless: true, moz:processID: 2428, moz:profile: C:\Users\claudiu.maxim\AppD..., moz:shutdownTimeout: 60000, moz:useNonSpecCompliantPointerOrigin: false, moz:webdriverClick: true, pageLoadStrategy: normal, platform: WINDOWS, platformName: WINDOWS, platformVersion: 10.0, rotatable: false, setWindowRect: true, strictFileInteractability: false, timeouts: {implicit: 0, pageLoad: 300000, script: 30000}, unhandledPromptBehavior: dismiss and notify}
Session ID: 2c712b49-8747-4272-a20d-da765fbc0a55
at org.openqa.selenium.remote.http.W3CHttpResponseCodec.createException(W3CHttpResponseCodec.java:187)
at org.openqa.selenium.remote.http.W3CHttpResponseCodec.decode(W3CHttpResponseCodec.java:122)
at org.openqa.selenium.remote.http.W3CHttpResponseCodec.decode(W3CHttpResponseCodec.java:49)
at org.openqa.selenium.remote.HttpCommandExecutor.execute(HttpCommandExecutor.java:158)
at org.openqa.selenium.remote.service.DriverCommandExecutor.execute(DriverCommandExecutor.java:83)
at org.openqa.selenium.remote.RemoteWebDriver.execute(RemoteWebDriver.java:552)
at org.openqa.selenium.remote.RemoteWebElement.execute(RemoteWebElement.java:285)
at org.openqa.selenium.remote.RemoteWebElement.click(RemoteWebElement.java:84)
at pages.AdminSettings.enter_PharmacySettings(AdminSettings.java:67)
at tests.SmokeTests.shipping_method(SmokeTests.java:116)
... Removed 29 stack frames]]>
    </failure>
  </testcase> <!-- shipping_method -->
  <testcase name="setCommission" time="8.359" classname="tests.SmokeTests"/>
  <testcase name="medium_Management" time="24.287" classname="tests.SmokeTests">
    <failure type="java.lang.NullPointerException">
      <![CDATA[java.lang.NullPointerException
at pages.InventoryPages.enter_MediumManagement(InventoryPages.java:62)
at tests.SmokeTests.medium_Management(SmokeTests.java:82)
... Removed 25 stack frames]]>
    </failure>
  </testcase> <!-- medium_Management -->
  <testcase name="addNewPatient" time="26.313" classname="tests.SmokeTests">
    <failure type="java.lang.NullPointerException">
      <![CDATA[java.lang.NullPointerException
at pages.PatientListPage.completeCredentials(PatientListPage.java:172)
at tests.SmokeTests.addNewPatient(SmokeTests.java:96)
... Removed 25 stack frames]]>
    </failure>
  </testcase> <!-- addNewPatient -->
  <testcase name="send_AdminInvitation" time="3.205" classname="tests.SmokeTests">
    <failure type="org.openqa.selenium.ElementNotInteractableException" message="Element &amp;lt;span class=&amp;quot;site-menu-title&amp;quot;&amp;gt; could not be scrolled into view
Build info: version: &amp;apos;3.141.59&amp;apos;, revision: &amp;apos;e82be7d358&amp;apos;, time: &amp;apos;2018-11-14T08:17:03&amp;apos;
System info: host: &amp;apos;CLAUDIUPC&amp;apos;, ip: &amp;apos;192.168.2.100&amp;apos;, os.name: &amp;apos;Windows 10&amp;apos;, os.arch: &amp;apos;amd64&amp;apos;, os.version: &amp;apos;10.0&amp;apos;, java.version: &amp;apos;1.8.0_221&amp;apos;
Driver info: org.openqa.selenium.firefox.FirefoxDriver
Capabilities {acceptInsecureCerts: true, browserName: firefox, browserVersion: 69.0, javascriptEnabled: true, moz:accessibilityChecks: false, moz:buildID: 20190805120428, moz:geckodriverVersion: 0.26.0, moz:headless: true, moz:processID: 212, moz:profile: C:\Users\claudiu.maxim\AppD..., moz:shutdownTimeout: 60000, moz:useNonSpecCompliantPointerOrigin: false, moz:webdriverClick: true, pageLoadStrategy: normal, platform: WINDOWS, platformName: WINDOWS, platformVersion: 10.0, rotatable: false, setWindowRect: true, strictFileInteractability: false, timeouts: {implicit: 0, pageLoad: 300000, script: 30000}, unhandledPromptBehavior: dismiss and notify}
Session ID: 3e753e54-f60e-4862-a148-504be0e2caed">
      <![CDATA[org.openqa.selenium.ElementNotInteractableException: Element <span class="site-menu-title"> could not be scrolled into view
Build info: version: '3.141.59', revision: 'e82be7d358', time: '2018-11-14T08:17:03'
System info: host: 'CLAUDIUPC', ip: '192.168.2.100', os.name: 'Windows 10', os.arch: 'amd64', os.version: '10.0', java.version: '1.8.0_221'
Driver info: org.openqa.selenium.firefox.FirefoxDriver
Capabilities {acceptInsecureCerts: true, browserName: firefox, browserVersion: 69.0, javascriptEnabled: true, moz:accessibilityChecks: false, moz:buildID: 20190805120428, moz:geckodriverVersion: 0.26.0, moz:headless: true, moz:processID: 212, moz:profile: C:\Users\claudiu.maxim\AppD..., moz:shutdownTimeout: 60000, moz:useNonSpecCompliantPointerOrigin: false, moz:webdriverClick: true, pageLoadStrategy: normal, platform: WINDOWS, platformName: WINDOWS, platformVersion: 10.0, rotatable: false, setWindowRect: true, strictFileInteractability: false, timeouts: {implicit: 0, pageLoad: 300000, script: 30000}, unhandledPromptBehavior: dismiss and notify}
Session ID: 3e753e54-f60e-4862-a148-504be0e2caed
at org.openqa.selenium.remote.http.W3CHttpResponseCodec.createException(W3CHttpResponseCodec.java:187)
at org.openqa.selenium.remote.http.W3CHttpResponseCodec.decode(W3CHttpResponseCodec.java:122)
at org.openqa.selenium.remote.http.W3CHttpResponseCodec.decode(W3CHttpResponseCodec.java:49)
at org.openqa.selenium.remote.HttpCommandExecutor.execute(HttpCommandExecutor.java:158)
at org.openqa.selenium.remote.service.DriverCommandExecutor.execute(DriverCommandExecutor.java:83)
at org.openqa.selenium.remote.RemoteWebDriver.execute(RemoteWebDriver.java:552)
at org.openqa.selenium.remote.RemoteWebElement.execute(RemoteWebElement.java:285)
at org.openqa.selenium.remote.RemoteWebElement.click(RemoteWebElement.java:84)
at pages.AdminSettings.enter_UserList(AdminSettings.java:49)
at tests.SmokeTests.send_AdminInvitation(SmokeTests.java:148)
... Removed 29 stack frames]]>
    </failure>
  </testcase> <!-- send_AdminInvitation -->
  <testcase name="send_CompounderInvitation" time="2.883" classname="tests.SmokeTests">
    <failure type="org.openqa.selenium.ElementNotInteractableException" message="Element &amp;lt;span class=&amp;quot;site-menu-title&amp;quot;&amp;gt; could not be scrolled into view
Build info: version: &amp;apos;3.141.59&amp;apos;, revision: &amp;apos;e82be7d358&amp;apos;, time: &amp;apos;2018-11-14T08:17:03&amp;apos;
System info: host: &amp;apos;CLAUDIUPC&amp;apos;, ip: &amp;apos;192.168.2.100&amp;apos;, os.name: &amp;apos;Windows 10&amp;apos;, os.arch: &amp;apos;amd64&amp;apos;, os.version: &amp;apos;10.0&amp;apos;, java.version: &amp;apos;1.8.0_221&amp;apos;
Driver info: org.openqa.selenium.firefox.FirefoxDriver
Capabilities {acceptInsecureCerts: true, browserName: firefox, browserVersion: 69.0, javascriptEnabled: true, moz:accessibilityChecks: false, moz:buildID: 20190805120428, moz:geckodriverVersion: 0.26.0, moz:headless: true, moz:processID: 8576, moz:profile: C:\Users\claudiu.maxim\AppD..., moz:shutdownTimeout: 60000, moz:useNonSpecCompliantPointerOrigin: false, moz:webdriverClick: true, pageLoadStrategy: normal, platform: WINDOWS, platformName: WINDOWS, platformVersion: 10.0, rotatable: false, setWindowRect: true, strictFileInteractability: false, timeouts: {implicit: 0, pageLoad: 300000, script: 30000}, unhandledPromptBehavior: dismiss and notify}
Session ID: 9135fd14-ac67-4afc-8483-8a8ca0f1fd7b">
      <![CDATA[org.openqa.selenium.ElementNotInteractableException: Element <span class="site-menu-title"> could not be scrolled into view
Build info: version: '3.141.59', revision: 'e82be7d358', time: '2018-11-14T08:17:03'
System info: host: 'CLAUDIUPC', ip: '192.168.2.100', os.name: 'Windows 10', os.arch: 'amd64', os.version: '10.0', java.version: '1.8.0_221'
Driver info: org.openqa.selenium.firefox.FirefoxDriver
Capabilities {acceptInsecureCerts: true, browserName: firefox, browserVersion: 69.0, javascriptEnabled: true, moz:accessibilityChecks: false, moz:buildID: 20190805120428, moz:geckodriverVersion: 0.26.0, moz:headless: true, moz:processID: 8576, moz:profile: C:\Users\claudiu.maxim\AppD..., moz:shutdownTimeout: 60000, moz:useNonSpecCompliantPointerOrigin: false, moz:webdriverClick: true, pageLoadStrategy: normal, platform: WINDOWS, platformName: WINDOWS, platformVersion: 10.0, rotatable: false, setWindowRect: true, strictFileInteractability: false, timeouts: {implicit: 0, pageLoad: 300000, script: 30000}, unhandledPromptBehavior: dismiss and notify}
Session ID: 9135fd14-ac67-4afc-8483-8a8ca0f1fd7b
at org.openqa.selenium.remote.http.W3CHttpResponseCodec.createException(W3CHttpResponseCodec.java:187)
at org.openqa.selenium.remote.http.W3CHttpResponseCodec.decode(W3CHttpResponseCodec.java:122)
at org.openqa.selenium.remote.http.W3CHttpResponseCodec.decode(W3CHttpResponseCodec.java:49)
at org.openqa.selenium.remote.HttpCommandExecutor.execute(HttpCommandExecutor.java:158)
at org.openqa.selenium.remote.service.DriverCommandExecutor.execute(DriverCommandExecutor.java:83)
at org.openqa.selenium.remote.RemoteWebDriver.execute(RemoteWebDriver.java:552)
at org.openqa.selenium.remote.RemoteWebElement.execute(RemoteWebElement.java:285)
at org.openqa.selenium.remote.RemoteWebElement.click(RemoteWebElement.java:84)
at pages.AdminSettings.enter_UserList(AdminSettings.java:49)
at tests.SmokeTests.send_CompounderInvitation(SmokeTests.java:157)
... Removed 29 stack frames]]>
    </failure>
  </testcase> <!-- send_CompounderInvitation -->
  <testcase name="send_CSRInvitation" time="4.143" classname="tests.SmokeTests">
    <failure type="org.openqa.selenium.ElementNotInteractableException" message="Element &amp;lt;span class=&amp;quot;site-menu-title&amp;quot;&amp;gt; could not be scrolled into view
Build info: version: &amp;apos;3.141.59&amp;apos;, revision: &amp;apos;e82be7d358&amp;apos;, time: &amp;apos;2018-11-14T08:17:03&amp;apos;
System info: host: &amp;apos;CLAUDIUPC&amp;apos;, ip: &amp;apos;192.168.2.100&amp;apos;, os.name: &amp;apos;Windows 10&amp;apos;, os.arch: &amp;apos;amd64&amp;apos;, os.version: &amp;apos;10.0&amp;apos;, java.version: &amp;apos;1.8.0_221&amp;apos;
Driver info: org.openqa.selenium.firefox.FirefoxDriver
Capabilities {acceptInsecureCerts: true, browserName: firefox, browserVersion: 69.0, javascriptEnabled: true, moz:accessibilityChecks: false, moz:buildID: 20190805120428, moz:geckodriverVersion: 0.26.0, moz:headless: true, moz:processID: 10372, moz:profile: C:\Users\claudiu.maxim\AppD..., moz:shutdownTimeout: 60000, moz:useNonSpecCompliantPointerOrigin: false, moz:webdriverClick: true, pageLoadStrategy: normal, platform: WINDOWS, platformName: WINDOWS, platformVersion: 10.0, rotatable: false, setWindowRect: true, strictFileInteractability: false, timeouts: {implicit: 0, pageLoad: 300000, script: 30000}, unhandledPromptBehavior: dismiss and notify}
Session ID: e20b4539-33b4-4d4c-9228-4f2b4614e2f9">
      <![CDATA[org.openqa.selenium.ElementNotInteractableException: Element <span class="site-menu-title"> could not be scrolled into view
Build info: version: '3.141.59', revision: 'e82be7d358', time: '2018-11-14T08:17:03'
System info: host: 'CLAUDIUPC', ip: '192.168.2.100', os.name: 'Windows 10', os.arch: 'amd64', os.version: '10.0', java.version: '1.8.0_221'
Driver info: org.openqa.selenium.firefox.FirefoxDriver
Capabilities {acceptInsecureCerts: true, browserName: firefox, browserVersion: 69.0, javascriptEnabled: true, moz:accessibilityChecks: false, moz:buildID: 20190805120428, moz:geckodriverVersion: 0.26.0, moz:headless: true, moz:processID: 10372, moz:profile: C:\Users\claudiu.maxim\AppD..., moz:shutdownTimeout: 60000, moz:useNonSpecCompliantPointerOrigin: false, moz:webdriverClick: true, pageLoadStrategy: normal, platform: WINDOWS, platformName: WINDOWS, platformVersion: 10.0, rotatable: false, setWindowRect: true, strictFileInteractability: false, timeouts: {implicit: 0, pageLoad: 300000, script: 30000}, unhandledPromptBehavior: dismiss and notify}
Session ID: e20b4539-33b4-4d4c-9228-4f2b4614e2f9
at org.openqa.selenium.remote.http.W3CHttpResponseCodec.createException(W3CHttpResponseCodec.java:187)
at org.openqa.selenium.remote.http.W3CHttpResponseCodec.decode(W3CHttpResponseCodec.java:122)
at org.openqa.selenium.remote.http.W3CHttpResponseCodec.decode(W3CHttpResponseCodec.java:49)
at org.openqa.selenium.remote.HttpCommandExecutor.execute(HttpCommandExecutor.java:158)
at org.openqa.selenium.remote.service.DriverCommandExecutor.execute(DriverCommandExecutor.java:83)
at org.openqa.selenium.remote.RemoteWebDriver.execute(RemoteWebDriver.java:552)
at org.openqa.selenium.remote.RemoteWebElement.execute(RemoteWebElement.java:285)
at org.openqa.selenium.remote.RemoteWebElement.click(RemoteWebElement.java:84)
at pages.AdminSettings.enter_UserList(AdminSettings.java:49)
at tests.SmokeTests.send_CSRInvitation(SmokeTests.java:166)
... Removed 29 stack frames]]>
    </failure>
  </testcase> <!-- send_CSRInvitation -->
  <testcase name="orderHour" time="0.0" classname="tests.SmokeTests">
    <ignored/>
  </testcase> <!-- orderHour -->
</testsuite> <!-- Helioscript-SmokeTests(FIREFOX) -->
