<?xml version="1.0" encoding="UTF-8"?>
<!-- Generated by org.testng.reporters.JUnitXMLReporter -->
<testsuite hostname="claudiupc" ignored="0" name="Helioscript-Imports(FIREFOX)" tests="6" failures="0" timestamp="11 Feb 2020 12:39:43 GMT" time="175.247" errors="0">
  <testcase name="import_ChineseNames" time="8.45" classname="tests.Imports"/>
  <testcase name="patient_import" time="8.929" classname="tests.Imports"/>
  <testcase name="terms_and_conditions_upload" time="10.372" classname="tests.Imports"/>
  <testcase name="general_LogoUpload" time="10.403" classname="tests.Imports"/>
  <testcase name="upload_logo" time="6.754" classname="tests.Imports"/>
  <testcase name="upload_certificate" time="13.558" classname="tests.Imports"/>
</testsuite> <!-- Helioscript-Imports(FIREFOX) -->
