<?xml version="1.0" encoding="UTF-8"?>
<!-- Generated by org.testng.reporters.JUnitXMLReporter -->
<testsuite hostname="claudiupc" ignored="0" name="Helioscript-Imports(CHROME)" tests="6" failures="0" timestamp="11 Feb 2020 12:36:48 GMT" time="189.962" errors="0">
  <testcase name="import_ChineseNames" time="21.355" classname="tests.Imports"/>
  <testcase name="patient_import" time="21.602" classname="tests.Imports"/>
  <testcase name="terms_and_conditions_upload" time="23.347" classname="tests.Imports"/>
  <testcase name="general_LogoUpload" time="20.352" classname="tests.Imports"/>
  <testcase name="upload_logo" time="17.916" classname="tests.Imports"/>
  <testcase name="upload_certificate" time="25.336" classname="tests.Imports"/>
</testsuite> <!-- Helioscript-Imports(CHROME) -->
