<?xml version="1.0" encoding="UTF-8"?>
<!-- Generated by org.testng.reporters.JUnitXMLReporter -->
<testsuite hostname="claudiupc" ignored="12" name="Helioscript-SmokeTests(CHROME)" tests="2" failures="1" timestamp="28 Apr 2020 11:42:56 GMT" time="69.992" errors="0">
  <testcase name="setCommission" time="22.54" classname="tests.SmokeTests">
    <skipped/>
  </testcase> <!-- setCommission -->
  <testcase name="setCommission" time="22.169" classname="tests.SmokeTests">
    <failure type="java.lang.NullPointerException">
      <![CDATA[java.lang.NullPointerException
at pages.LoginPage.login(LoginPage.java:68)
at tests.SmokeTests.setCommission(SmokeTests.java:26)
... Removed 25 stack frames]]>
    </failure>
  </testcase> <!-- setCommission -->
  <testcase name="adjustAdd_inventory" time="0.0" classname="tests.SmokeTests">
    <ignored/>
  </testcase> <!-- adjustAdd_inventory -->
  <testcase name="add_new_coupon" time="0.0" classname="tests.SmokeTests">
    <ignored/>
  </testcase> <!-- add_new_coupon -->
  <testcase name="medium_Management" time="0.0" classname="tests.SmokeTests">
    <ignored/>
  </testcase> <!-- medium_Management -->
  <testcase name="shipping_method" time="0.0" classname="tests.SmokeTests">
    <ignored/>
  </testcase> <!-- shipping_method -->
  <testcase name="orderHour" time="0.0" classname="tests.SmokeTests">
    <ignored/>
  </testcase> <!-- orderHour -->
  <testcase name="send_CSRInvitation" time="0.0" classname="tests.SmokeTests">
    <ignored/>
  </testcase> <!-- send_CSRInvitation -->
  <testcase name="send_CompounderInvitation" time="0.0" classname="tests.SmokeTests">
    <ignored/>
  </testcase> <!-- send_CompounderInvitation -->
  <testcase name="addNewPatient" time="0.0" classname="tests.SmokeTests">
    <ignored/>
  </testcase> <!-- addNewPatient -->
  <testcase name="invalidCredentials" time="0.0" classname="tests.SmokeTests">
    <ignored/>
  </testcase> <!-- invalidCredentials -->
  <testcase name="send_AdminInvitation" time="0.0" classname="tests.SmokeTests">
    <ignored/>
  </testcase> <!-- send_AdminInvitation -->
  <testcase name="adjustRemove_inventory" time="0.0" classname="tests.SmokeTests">
    <ignored/>
  </testcase> <!-- adjustRemove_inventory -->
  <testcase name="receive_inventory" time="0.0" classname="tests.SmokeTests">
    <ignored/>
  </testcase> <!-- receive_inventory -->
</testsuite> <!-- Helioscript-SmokeTests(CHROME) -->
