<?xml version="1.0" encoding="UTF-8"?>
<!-- Generated by org.testng.reporters.JUnitXMLReporter -->
<testsuite hostname="claudiupc" ignored="12" name="Helioscript-SmokeTests(CHROME)" tests="1" failures="0" timestamp="13 May 2020 11:29:48 GMT" time="12.666" errors="0">
  <testcase name="@BeforeMethod setUp" time="11.631" classname="tests.BaseTest">
    <failure type="java.lang.Error" message="Unresolved compilation problem: 
	Syntax error on token &amp;quot;void&amp;quot;, volatile expected
">
      <![CDATA[java.lang.Error: Unresolved compilation problem: 
Syntax error on token "void", volatile expected

at pages.BasePage.<init>(BasePage.java:58)
at tests.BaseTest.setUp(BaseTest.java:85)
... Removed 28 stack frames]]>
    </failure>
  </testcase> <!-- @BeforeMethod setUp -->
  <testcase name="@AfterMethod tearDown" time="0.0" classname="tests.BaseTest">
    <skipped/>
  </testcase> <!-- @AfterMethod tearDown -->
  <testcase name="setCommission" time="0.0" classname="tests.SmokeTests">
    <skipped/>
  </testcase> <!-- setCommission -->
  <testcase name="add_new_coupon" time="0.0" classname="tests.SmokeTests">
    <ignored/>
  </testcase> <!-- add_new_coupon -->
  <testcase name="adjustAdd_inventory" time="0.0" classname="tests.SmokeTests">
    <ignored/>
  </testcase> <!-- adjustAdd_inventory -->
  <testcase name="medium_Management" time="0.0" classname="tests.SmokeTests">
    <ignored/>
  </testcase> <!-- medium_Management -->
  <testcase name="shipping_method" time="0.0" classname="tests.SmokeTests">
    <ignored/>
  </testcase> <!-- shipping_method -->
  <testcase name="orderHour" time="0.0" classname="tests.SmokeTests">
    <ignored/>
  </testcase> <!-- orderHour -->
  <testcase name="send_CSRInvitation" time="0.0" classname="tests.SmokeTests">
    <ignored/>
  </testcase> <!-- send_CSRInvitation -->
  <testcase name="send_CompounderInvitation" time="0.0" classname="tests.SmokeTests">
    <ignored/>
  </testcase> <!-- send_CompounderInvitation -->
  <testcase name="addNewPatient" time="0.0" classname="tests.SmokeTests">
    <ignored/>
  </testcase> <!-- addNewPatient -->
  <testcase name="invalidCredentials" time="0.0" classname="tests.SmokeTests">
    <ignored/>
  </testcase> <!-- invalidCredentials -->
  <testcase name="send_AdminInvitation" time="0.0" classname="tests.SmokeTests">
    <ignored/>
  </testcase> <!-- send_AdminInvitation -->
  <testcase name="adjustRemove_inventory" time="0.0" classname="tests.SmokeTests">
    <ignored/>
  </testcase> <!-- adjustRemove_inventory -->
  <testcase name="receive_inventory" time="0.0" classname="tests.SmokeTests">
    <ignored/>
  </testcase> <!-- receive_inventory -->
</testsuite> <!-- Helioscript-SmokeTests(CHROME) -->
